<?xml version="1.0" encoding="UTF-8"?>
<testsuite xmlns:xsi="http://www.w3.org/2001/XMLSchema-instance" xsi:noNamespaceSchemaLocation="https://maven.apache.org/surefire/maven-surefire-plugin/xsd/surefire-test-report-3.0.xsd" version="3.0" name="com.sapient.asde.model.PatientTest" time="0.02" tests="18" errors="0" skipped="0" failures="0">
  <properties>
[...]
</properties>
  <testcase name="setPatientName" classname="com.sapient.asde.model.PatientTest" time="0.001"/>
  <testcase name="getBloodGroup" classname="com.sapient.asde.model.PatientTest" time="0.002"/>
  <testcase name="getBirthdate" classname="com.sapient.asde.model.PatientTest" time="0"/>
  <testcase name="setBloodGroup" classname="com.sapient.asde.model.PatientTest" time="0.001"/>
  <testcase name="getPatientId" classname="com.sapient.asde.model.PatientTest" time="0"/>
  <testcase name="getPatientName" classname="com.sapient.asde.model.PatientTest" time="0"/>
  <testcase name="getAddress" classname="com.sapient.asde.model.PatientTest" time="0.001"/>
  <testcase name="setGender" classname="com.sapient.asde.model.PatientTest" time="0"/>
  <testcase name="setBirthdate" classname="com.sapient.asde.model.PatientTest" time="0"/>
  <testcase name="setMobile" classname="com.sapient.asde.model.PatientTest" time="0.001"/>
  <testcase name="getGender" classname="com.sapient.asde.model.PatientTest" time="0"/>
  <testcase name="getMobile" classname="com.sapient.asde.model.PatientTest" time="0.001"/>
  <testcase name="setPatientId" classname="com.sapient.asde.model.PatientTest" time="0.002"/>
  <testcase name="setEmail" classname="com.sapient.asde.model.PatientTest" time="0.001"/>
  <testcase name="setUsername" classname="com.sapient.asde.model.PatientTest" time="0"/>
  <testcase name="getUsername" classname="com.sapient.asde.model.PatientTest" time="0.001"/>
  <testcase name="setAddress" classname="com.sapient.asde.model.PatientTest" time="0"/>
  <testcase name="getEmail" classname="com.sapient.asde.model.PatientTest" time="0.001"/>
</testsuite>